----- FX Fri Jan  9 18:06:05 PST 2026 -----
1) Download exchange snapshots...
2) Commit & push (only if changed)...
No changes to commit.
3) Purge jsDelivr cache (best effort)...
✅ Exchange CDN updated + purged
----- FX Fri Jan  9 21:32:34 PST 2026 -----
1) Download exchange snapshots...
2) Commit & push (only if changed)...
No changes to commit.
3) Purge jsDelivr cache (best effort)...
✅ Exchange CDN updated + purged
----- FX Fri Jan  9 22:26:47 PST 2026 -----
1) Download exchange snapshots...
2) Commit & push (only if changed)...
No changes to commit.
3) Purge jsDelivr cache (best effort)...
✅ Exchange CDN updated + purged
----- FX Fri Jan  9 22:56:24 PST 2026 -----
1) Download exchange snapshots...
2) Commit & push (only if changed)...
No changes to commit.
3) Purge jsDelivr cache (best effort)...
✅ Exchange CDN updated + purged
----- FX Fri Jan  9 23:01:58 PST 2026 -----
1) Download exchange snapshots...
2) Commit & push (only if changed)...
No changes to commit.
3) Purge jsDelivr cache (best effort)...
✅ Exchange CDN updated + purged
----- FX Fri Jan  9 23:08:08 PST 2026 -----
1) Download exchange snapshots...
2) Commit & push (only if changed)...
No changes to commit.
3) Purge jsDelivr cache (best effort)...
✅ Exchange CDN updated + purged
----- FX Fri Jan  9 23:09:11 PST 2026 -----
1) Download exchange snapshots...
2) Commit & push (only if changed)...
No changes to commit.
3) Purge jsDelivr cache (best effort)...
✅ Exchange CDN updated + purged
----- FX Fri Jan  9 23:10:08 PST 2026 -----
1) Download exchange snapshots...
2) Build legacy daily files...
./update-exchange-cdn.sh: line 30: node: command not found
----- FX Fri Jan  9 23:12:25 PST 2026 -----
1) Download exchange snapshots...
2) Build legacy daily files...
./update-exchange-cdn.sh: line 30: node: command not found
----- FX Fri Jan  9 23:13:20 PST 2026 -----
1) Download exchange snapshots...
2) Build legacy daily files...
./update-exchange-cdn.sh: line 30: node: command not found
----- FX Fri Jan  9 23:18:29 PST 2026 -----
1) Download exchange snapshots...
2) Build legacy daily files...
./update-exchange-cdn.sh: line 30: node: command not found
----- FX Fri Jan  9 23:22:02 PST 2026 -----
1) Download exchange snapshots...
2) Build legacy daily files...
./update-exchange-cdn.sh: line 30: node: command not found
----- FX Fri Jan  9 23:37:14 PST 2026 -----
0) Check python3...
1) Download exchange snapshots...
2) Build legacy daily files the iOS app requests...
3) Sync with remote (avoid push rejection)...
From https://github.com/rbernadin/haiti-economie-cdn
   d7c5b01..bf9617d  main       -> origin/main
error: cannot pull with rebase: You have unstaged changes.
error: Please commit or stash them.
[FX] ERROR: rebase failed. Fix conflicts, then run:
  git status
  git add <files>
  GIT_EDITOR=true git rebase --continue
